2022-12-12 00:46:44.005  INFO 16264 --- [restartedMain] com.lithan.AbcCar.AbcCarApplication      : Starting AbcCarApplication using Java 1.8.0_202 on LAPTOP-6FVQQUG6 with PID 16264 (C:\Users\ASUS A409F\Documents\DUBU\backup\M9\AbcCar\target\classes started by ASUS A409F in C:\Users\ASUS A409F\Documents\DUBU\backup\M9\AbcCar)
2022-12-12 00:46:44.011  INFO 16264 --- [restartedMain] com.lithan.AbcCar.AbcCarApplication      : No active profile set, falling back to 1 default profile: "default"
2022-12-12 00:46:44.080  INFO 16264 --- [restartedMain] .e.DevToolsPropertyDefaultsPostProcessor : Devtools property defaults active! Set 'spring.devtools.add-properties' to 'false' to disable
2022-12-12 00:46:44.080  INFO 16264 --- [restartedMain] .e.DevToolsPropertyDefaultsPostProcessor : For additional web related logging consider setting the 'logging.level.web' property to 'DEBUG'
2022-12-12 00:46:44.792  INFO 16264 --- [restartedMain] .s.d.r.c.RepositoryConfigurationDelegate : Bootstrapping Spring Data JPA repositories in DEFAULT mode.
2022-12-12 00:46:44.849  INFO 16264 --- [restartedMain] .s.d.r.c.RepositoryConfigurationDelegate : Finished Spring Data repository scanning in 48 ms. Found 4 JPA repository interfaces.
2022-12-12 00:46:45.512  INFO 16264 --- [restartedMain] o.s.b.w.embedded.tomcat.TomcatWebServer  : Tomcat initialized with port(s): 8082 (http)
2022-12-12 00:46:45.521  INFO 16264 --- [restartedMain] o.apache.catalina.core.StandardService   : Starting service [Tomcat]
2022-12-12 00:46:45.521  INFO 16264 --- [restartedMain] org.apache.catalina.core.StandardEngine  : Starting Servlet engine: [Apache Tomcat/9.0.69]
2022-12-12 00:46:45.780  INFO 16264 --- [restartedMain] org.apache.jasper.servlet.TldScanner     : At least one JAR was scanned for TLDs yet contained no TLDs. Enable debug logging for this logger for a complete list of JARs that were scanned but no TLDs were found in them. Skipping unneeded JARs during scanning can improve startup time and JSP compilation time.
2022-12-12 00:46:45.786  INFO 16264 --- [restartedMain] o.a.c.c.C.[Tomcat].[localhost].[/]       : Initializing Spring embedded WebApplicationContext
2022-12-12 00:46:45.786  INFO 16264 --- [restartedMain] w.s.c.ServletWebServerApplicationContext : Root WebApplicationContext: initialization completed in 1699 ms
2022-12-12 00:46:45.957  INFO 16264 --- [restartedMain] o.hibernate.jpa.internal.util.LogHelper  : HHH000204: Processing PersistenceUnitInfo [name: default]
2022-12-12 00:46:46.011  INFO 16264 --- [restartedMain] org.hibernate.Version                    : HHH000412: Hibernate ORM core version 5.6.14.Final
2022-12-12 00:46:46.228  INFO 16264 --- [restartedMain] o.hibernate.annotations.common.Version   : HCANN000001: Hibernate Commons Annotations {5.1.2.Final}
2022-12-12 00:46:46.323  INFO 16264 --- [restartedMain] com.zaxxer.hikari.HikariDataSource       : HikariPool-1 - Starting...
2022-12-12 00:46:46.325  WARN 16264 --- [restartedMain] com.zaxxer.hikari.util.DriverDataSource  : Registered driver with driverClassName=com.mysql.jdbc.Driver was not found, trying direct instantiation.
2022-12-12 00:46:46.854  INFO 16264 --- [restartedMain] com.zaxxer.hikari.HikariDataSource       : HikariPool-1 - Start completed.
2022-12-12 00:46:46.870  INFO 16264 --- [restartedMain] org.hibernate.dialect.Dialect            : HHH000400: Using dialect: org.hibernate.dialect.MySQL5Dialect
2022-12-12 00:46:48.107  INFO 16264 --- [restartedMain] o.h.e.t.j.p.i.JtaPlatformInitiator       : HHH000490: Using JtaPlatform implementation: [org.hibernate.engine.transaction.jta.platform.internal.NoJtaPlatform]
2022-12-12 00:46:48.116  INFO 16264 --- [restartedMain] j.LocalContainerEntityManagerFactoryBean : Initialized JPA EntityManagerFactory for persistence unit 'default'
2022-12-12 00:46:48.695  INFO 16264 --- [restartedMain] f.a.AutowiredAnnotationBeanPostProcessor : Autowired annotation should only be used on methods with parameters: org.springframework.security.authentication.AuthenticationProvider com.lithan.AbcCar.security.ApplicationSecurityConfig.authProvider()
2022-12-12 00:46:48.728  WARN 16264 --- [restartedMain] JpaBaseConfiguration$JpaWebConfiguration : spring.jpa.open-in-view is enabled by default. Therefore, database queries may be performed during view rendering. Explicitly configure spring.jpa.open-in-view to disable this warning
2022-12-12 00:46:48.901  INFO 16264 --- [restartedMain] o.s.s.web.DefaultSecurityFilterChain     : Will secure any request with [org.springframework.security.web.session.DisableEncodeUrlFilter@1a984ef3, org.springframework.security.web.context.request.async.WebAsyncManagerIntegrationFilter@6c942e3c, org.springframework.security.web.context.SecurityContextPersistenceFilter@51ccc88c, org.springframework.security.web.header.HeaderWriterFilter@7e5bab3a, org.springframework.security.web.csrf.CsrfFilter@6b9c6180, org.springframework.security.web.authentication.logout.LogoutFilter@59f93c41, org.springframework.security.web.authentication.UsernamePasswordAuthenticationFilter@296d8599, org.springframework.security.web.savedrequest.RequestCacheAwareFilter@17b0bca3, org.springframework.security.web.servletapi.SecurityContextHolderAwareRequestFilter@bc770da, org.springframework.security.web.authentication.AnonymousAuthenticationFilter@36f6e361, org.springframework.security.web.session.SessionManagementFilter@1fa89efe, org.springframework.security.web.access.ExceptionTranslationFilter@5f5508a4, org.springframework.security.web.access.intercept.FilterSecurityInterceptor@77d3089b]
2022-12-12 00:46:49.340  INFO 16264 --- [restartedMain] o.s.b.d.a.OptionalLiveReloadServer       : LiveReload server is running on port 35729
2022-12-12 00:46:49.389  INFO 16264 --- [restartedMain] o.s.b.w.embedded.tomcat.TomcatWebServer  : Tomcat started on port(s): 8082 (http) with context path ''
2022-12-12 00:46:49.401  INFO 16264 --- [restartedMain] com.lithan.AbcCar.AbcCarApplication      : Started AbcCarApplication in 5.833 seconds (JVM running for 7.042)
2022-12-12 00:47:21.501  INFO 16264 --- [http-nio-8082-exec-2] o.a.c.c.C.[Tomcat].[localhost].[/]       : Initializing Spring DispatcherServlet 'dispatcherServlet'
2022-12-12 00:47:21.501  INFO 16264 --- [http-nio-8082-exec-2] o.s.web.servlet.DispatcherServlet        : Initializing Servlet 'dispatcherServlet'
2022-12-12 00:47:21.505  INFO 16264 --- [http-nio-8082-exec-2] o.s.web.servlet.DispatcherServlet        : Completed initialization in 4 ms
2022-12-12 01:12:00.727 ERROR 16264 --- [http-nio-8082-exec-9] o.a.c.c.C.[.[.[/].[dispatcherServlet]    : Servlet.service() for servlet [dispatcherServlet] in context with path [] threw exception

java.lang.NullPointerException: null
	at com.lithan.AbcCar.security.ApplicationUserDetail.getPassword(ApplicationUserDetail.java:36) ~[classes/:na]
	at org.springframework.security.authentication.dao.DaoAuthenticationProvider.additionalAuthenticationChecks(DaoAuthenticationProvider.java:76) ~[spring-security-core-5.7.5.jar:5.7.5]
	at org.springframework.security.authentication.dao.AbstractUserDetailsAuthenticationProvider.authenticate(AbstractUserDetailsAuthenticationProvider.java:147) ~[spring-security-core-5.7.5.jar:5.7.5]
	at org.springframework.security.authentication.ProviderManager.authenticate(ProviderManager.java:182) ~[spring-security-core-5.7.5.jar:5.7.5]
	at org.springframework.security.authentication.ProviderManager.authenticate(ProviderManager.java:201) ~[spring-security-core-5.7.5.jar:5.7.5]
	at org.springframework.security.web.authentication.UsernamePasswordAuthenticationFilter.attemptAuthentication(UsernamePasswordAuthenticationFilter.java:85) ~[spring-security-web-5.7.5.jar:5.7.5]
	at org.springframework.security.web.authentication.AbstractAuthenticationProcessingFilter.doFilter(AbstractAuthenticationProcessingFilter.java:227) ~[spring-security-web-5.7.5.jar:5.7.5]
	at org.springframework.security.web.authentication.AbstractAuthenticationProcessingFilter.doFilter(AbstractAuthenticationProcessingFilter.java:217) ~[spring-security-web-5.7.5.jar:5.7.5]
	at org.springframework.security.web.FilterChainProxy$VirtualFilterChain.doFilter(FilterChainProxy.java:346) ~[spring-security-web-5.7.5.jar:5.7.5]
	at org.springframework.security.web.authentication.logout.LogoutFilter.doFilter(LogoutFilter.java:103) ~[spring-security-web-5.7.5.jar:5.7.5]
	at org.springframework.security.web.authentication.logout.LogoutFilter.doFilter(LogoutFilter.java:89) ~[spring-security-web-5.7.5.jar:5.7.5]
	at org.springframework.security.web.FilterChainProxy$VirtualFilterChain.doFilter(FilterChainProxy.java:346) ~[spring-security-web-5.7.5.jar:5.7.5]
	at org.springframework.security.web.csrf.CsrfFilter.doFilterInternal(CsrfFilter.java:132) ~[spring-security-web-5.7.5.jar:5.7.5]
	at org.springframework.web.filter.OncePerRequestFilter.doFilter(OncePerRequestFilter.java:117) ~[spring-web-5.3.24.jar:5.3.24]
	at org.springframework.security.web.FilterChainProxy$VirtualFilterChain.doFilter(FilterChainProxy.java:346) ~[spring-security-web-5.7.5.jar:5.7.5]
	at org.springframework.security.web.header.HeaderWriterFilter.doHeadersAfter(HeaderWriterFilter.java:90) ~[spring-security-web-5.7.5.jar:5.7.5]
	at org.springframework.security.web.header.HeaderWriterFilter.doFilterInternal(HeaderWriterFilter.java:75) ~[spring-security-web-5.7.5.jar:5.7.5]
	at org.springframework.web.filter.OncePerRequestFilter.doFilter(OncePerRequestFilter.java:117) ~[spring-web-5.3.24.jar:5.3.24]
	at org.springframework.security.web.FilterChainProxy$VirtualFilterChain.doFilter(FilterChainProxy.java:346) ~[spring-security-web-5.7.5.jar:5.7.5]
	at org.springframework.security.web.context.SecurityContextPersistenceFilter.doFilter(SecurityContextPersistenceFilter.java:112) ~[spring-security-web-5.7.5.jar:5.7.5]
	at org.springframework.security.web.context.SecurityContextPersistenceFilter.doFilter(SecurityContextPersistenceFilter.java:82) ~[spring-security-web-5.7.5.jar:5.7.5]
	at org.springframework.security.web.FilterChainProxy$VirtualFilterChain.doFilter(FilterChainProxy.java:346) ~[spring-security-web-5.7.5.jar:5.7.5]
	at org.springframework.security.web.context.request.async.WebAsyncManagerIntegrationFilter.doFilterInternal(WebAsyncManagerIntegrationFilter.java:55) ~[spring-security-web-5.7.5.jar:5.7.5]
	at org.springframework.web.filter.OncePerRequestFilter.doFilter(OncePerRequestFilter.java:117) ~[spring-web-5.3.24.jar:5.3.24]
	at org.springframework.security.web.FilterChainProxy$VirtualFilterChain.doFilter(FilterChainProxy.java:346) ~[spring-security-web-5.7.5.jar:5.7.5]
	at org.springframework.security.web.session.DisableEncodeUrlFilter.doFilterInternal(DisableEncodeUrlFilter.java:42) ~[spring-security-web-5.7.5.jar:5.7.5]
	at org.springframework.web.filter.OncePerRequestFilter.doFilter(OncePerRequestFilter.java:117) ~[spring-web-5.3.24.jar:5.3.24]
	at org.springframework.security.web.FilterChainProxy$VirtualFilterChain.doFilter(FilterChainProxy.java:346) ~[spring-security-web-5.7.5.jar:5.7.5]
	at org.springframework.security.web.FilterChainProxy.doFilterInternal(FilterChainProxy.java:221) ~[spring-security-web-5.7.5.jar:5.7.5]
	at org.springframework.security.web.FilterChainProxy.doFilter(FilterChainProxy.java:186) ~[spring-security-web-5.7.5.jar:5.7.5]
	at org.springframework.web.filter.DelegatingFilterProxy.invokeDelegate(DelegatingFilterProxy.java:354) ~[spring-web-5.3.24.jar:5.3.24]
	at org.springframework.web.filter.DelegatingFilterProxy.doFilter(DelegatingFilterProxy.java:267) ~[spring-web-5.3.24.jar:5.3.24]
	at org.apache.catalina.core.ApplicationFilterChain.internalDoFilter(ApplicationFilterChain.java:189) ~[tomcat-embed-core-9.0.69.jar:9.0.69]
	at org.apache.catalina.core.ApplicationFilterChain.doFilter(ApplicationFilterChain.java:162) ~[tomcat-embed-core-9.0.69.jar:9.0.69]
	at org.springframework.web.filter.RequestContextFilter.doFilterInternal(RequestContextFilter.java:100) ~[spring-web-5.3.24.jar:5.3.24]
	at org.springframework.web.filter.OncePerRequestFilter.doFilter(OncePerRequestFilter.java:117) ~[spring-web-5.3.24.jar:5.3.24]
	at org.apache.catalina.core.ApplicationFilterChain.internalDoFilter(ApplicationFilterChain.java:189) ~[tomcat-embed-core-9.0.69.jar:9.0.69]
	at org.apache.catalina.core.ApplicationFilterChain.doFilter(ApplicationFilterChain.java:162) ~[tomcat-embed-core-9.0.69.jar:9.0.69]
	at org.springframework.web.filter.FormContentFilter.doFilterInternal(FormContentFilter.java:93) ~[spring-web-5.3.24.jar:5.3.24]
	at org.springframework.web.filter.OncePerRequestFilter.doFilter(OncePerRequestFilter.java:117) ~[spring-web-5.3.24.jar:5.3.24]
	at org.apache.catalina.core.ApplicationFilterChain.internalDoFilter(ApplicationFilterChain.java:189) ~[tomcat-embed-core-9.0.69.jar:9.0.69]
	at org.apache.catalina.core.ApplicationFilterChain.doFilter(ApplicationFilterChain.java:162) ~[tomcat-embed-core-9.0.69.jar:9.0.69]
	at org.springframework.web.filter.CharacterEncodingFilter.doFilterInternal(CharacterEncodingFilter.java:201) ~[spring-web-5.3.24.jar:5.3.24]
	at org.springframework.web.filter.OncePerRequestFilter.doFilter(OncePerRequestFilter.java:117) ~[spring-web-5.3.24.jar:5.3.24]
	at org.apache.catalina.core.ApplicationFilterChain.internalDoFilter(ApplicationFilterChain.java:189) ~[tomcat-embed-core-9.0.69.jar:9.0.69]
	at org.apache.catalina.core.ApplicationFilterChain.doFilter(ApplicationFilterChain.java:162) ~[tomcat-embed-core-9.0.69.jar:9.0.69]
	at org.apache.catalina.core.StandardWrapperValve.invoke(StandardWrapperValve.java:177) ~[tomcat-embed-core-9.0.69.jar:9.0.69]
	at org.apache.catalina.core.StandardContextValve.invoke(StandardContextValve.java:97) [tomcat-embed-core-9.0.69.jar:9.0.69]
	at org.apache.catalina.authenticator.AuthenticatorBase.invoke(AuthenticatorBase.java:541) [tomcat-embed-core-9.0.69.jar:9.0.69]
	at org.apache.catalina.core.StandardHostValve.invoke(StandardHostValve.java:135) [tomcat-embed-core-9.0.69.jar:9.0.69]
	at org.apache.catalina.valves.ErrorReportValve.invoke(ErrorReportValve.java:92) [tomcat-embed-core-9.0.69.jar:9.0.69]
	at org.apache.catalina.core.StandardEngineValve.invoke(StandardEngineValve.java:78) [tomcat-embed-core-9.0.69.jar:9.0.69]
	at org.apache.catalina.connector.CoyoteAdapter.service(CoyoteAdapter.java:360) [tomcat-embed-core-9.0.69.jar:9.0.69]
	at org.apache.coyote.http11.Http11Processor.service(Http11Processor.java:399) [tomcat-embed-core-9.0.69.jar:9.0.69]
	at org.apache.coyote.AbstractProcessorLight.process(AbstractProcessorLight.java:65) [tomcat-embed-core-9.0.69.jar:9.0.69]
	at org.apache.coyote.AbstractProtocol$ConnectionHandler.process(AbstractProtocol.java:891) [tomcat-embed-core-9.0.69.jar:9.0.69]
	at org.apache.tomcat.util.net.NioEndpoint$SocketProcessor.doRun(NioEndpoint.java:1784) [tomcat-embed-core-9.0.69.jar:9.0.69]
	at org.apache.tomcat.util.net.SocketProcessorBase.run(SocketProcessorBase.java:49) [tomcat-embed-core-9.0.69.jar:9.0.69]
	at org.apache.tomcat.util.threads.ThreadPoolExecutor.runWorker(ThreadPoolExecutor.java:1191) [tomcat-embed-core-9.0.69.jar:9.0.69]
	at org.apache.tomcat.util.threads.ThreadPoolExecutor$Worker.run(ThreadPoolExecutor.java:659) [tomcat-embed-core-9.0.69.jar:9.0.69]
	at org.apache.tomcat.util.threads.TaskThread$WrappingRunnable.run(TaskThread.java:61) [tomcat-embed-core-9.0.69.jar:9.0.69]
	at java.lang.Thread.run(Thread.java:748) [na:1.8.0_202]

2022-12-12 01:28:59.300  INFO 16264 --- [File Watcher] rtingClassPathChangeChangedEventListener : Restarting due to 31 class path changes (0 additions, 10 deletions, 21 modifications)
2022-12-12 01:29:00.408  INFO 16264 --- [Thread-6] o.apache.catalina.core.StandardService   : Stopping service [Tomcat]
2022-12-12 01:29:00.425  INFO 16264 --- [Thread-6] o.a.c.c.C.[Tomcat].[localhost].[/]       : Destroying Spring FrameworkServlet 'dispatcherServlet'
2022-12-12 01:29:00.534  WARN 16264 --- [Thread-6] o.a.c.c.C.[Tomcat].[localhost].[/]       : Cannot serialize session attribute [SPRING_SECURITY_CONTEXT] for session [84EFB1C4CA882B858A0280FB624919D3]

java.io.NotSerializableException: com.lithan.AbcCar.entity.UserAccount
	at java.io.ObjectOutputStream.writeObject0(ObjectOutputStream.java:1184) ~[na:1.8.0_202]
	at java.io.ObjectOutputStream.defaultWriteFields(ObjectOutputStream.java:1548) ~[na:1.8.0_202]
	at java.io.ObjectOutputStream.writeSerialData(ObjectOutputStream.java:1509) ~[na:1.8.0_202]
	at java.io.ObjectOutputStream.writeOrdinaryObject(ObjectOutputStream.java:1432) ~[na:1.8.0_202]
	at java.io.ObjectOutputStream.writeObject0(ObjectOutputStream.java:1178) ~[na:1.8.0_202]
	at java.io.ObjectOutputStream.defaultWriteFields(ObjectOutputStream.java:1548) ~[na:1.8.0_202]
	at java.io.ObjectOutputStream.writeSerialData(ObjectOutputStream.java:1509) ~[na:1.8.0_202]
	at java.io.ObjectOutputStream.writeOrdinaryObject(ObjectOutputStream.java:1432) ~[na:1.8.0_202]
	at java.io.ObjectOutputStream.writeObject0(ObjectOutputStream.java:1178) ~[na:1.8.0_202]
	at java.io.ObjectOutputStream.defaultWriteFields(ObjectOutputStream.java:1548) ~[na:1.8.0_202]
	at java.io.ObjectOutputStream.writeSerialData(ObjectOutputStream.java:1509) ~[na:1.8.0_202]
	at java.io.ObjectOutputStream.writeOrdinaryObject(ObjectOutputStream.java:1432) ~[na:1.8.0_202]
	at java.io.ObjectOutputStream.writeObject0(ObjectOutputStream.java:1178) ~[na:1.8.0_202]
	at java.io.ObjectOutputStream.writeObject(ObjectOutputStream.java:348) ~[na:1.8.0_202]
	at org.apache.catalina.session.StandardSession.doWriteObject(StandardSession.java:1761) [tomcat-embed-core-9.0.69.jar:9.0.69]
	at org.apache.catalina.session.StandardSession.writeObjectData(StandardSession.java:1067) [tomcat-embed-core-9.0.69.jar:9.0.69]
	at org.apache.catalina.session.StandardManager.doUnload(StandardManager.java:317) [tomcat-embed-core-9.0.69.jar:9.0.69]
	at org.apache.catalina.session.StandardManager.unload(StandardManager.java:268) [tomcat-embed-core-9.0.69.jar:9.0.69]
	at org.apache.catalina.session.StandardManager.stopInternal(StandardManager.java:384) [tomcat-embed-core-9.0.69.jar:9.0.69]
	at org.apache.catalina.util.LifecycleBase.stop(LifecycleBase.java:257) [tomcat-embed-core-9.0.69.jar:9.0.69]
	at org.apache.catalina.core.StandardContext.stopInternal(StandardContext.java:5459) [tomcat-embed-core-9.0.69.jar:9.0.69]
	at org.apache.catalina.util.LifecycleBase.stop(LifecycleBase.java:257) [tomcat-embed-core-9.0.69.jar:9.0.69]
	at org.apache.catalina.core.ContainerBase$StopChild.call(ContainerBase.java:1409) [tomcat-embed-core-9.0.69.jar:9.0.69]
	at org.apache.catalina.core.ContainerBase$StopChild.call(ContainerBase.java:1398) [tomcat-embed-core-9.0.69.jar:9.0.69]
	at java.util.concurrent.FutureTask.run(FutureTask.java:266) [na:1.8.0_202]
	at org.apache.tomcat.util.threads.InlineExecutorService.execute(InlineExecutorService.java:75) [tomcat-embed-core-9.0.69.jar:9.0.69]
	at java.util.concurrent.AbstractExecutorService.submit(AbstractExecutorService.java:134) [na:1.8.0_202]
	at org.apache.catalina.core.ContainerBase.stopInternal(ContainerBase.java:983) [tomcat-embed-core-9.0.69.jar:9.0.69]
	at org.apache.catalina.util.LifecycleBase.stop(LifecycleBase.java:257) [tomcat-embed-core-9.0.69.jar:9.0.69]
	at org.apache.catalina.core.ContainerBase$StopChild.call(ContainerBase.java:1409) [tomcat-embed-core-9.0.69.jar:9.0.69]
	at org.apache.catalina.core.ContainerBase$StopChild.call(ContainerBase.java:1398) [tomcat-embed-core-9.0.69.jar:9.0.69]
	at java.util.concurrent.FutureTask.run(FutureTask.java:266) [na:1.8.0_202]
	at org.apache.tomcat.util.threads.InlineExecutorService.execute(InlineExecutorService.java:75) [tomcat-embed-core-9.0.69.jar:9.0.69]
	at java.util.concurrent.AbstractExecutorService.submit(AbstractExecutorService.java:134) [na:1.8.0_202]
	at org.apache.catalina.core.ContainerBase.stopInternal(ContainerBase.java:983) [tomcat-embed-core-9.0.69.jar:9.0.69]
	at org.apache.catalina.util.LifecycleBase.stop(LifecycleBase.java:257) [tomcat-embed-core-9.0.69.jar:9.0.69]
	at org.apache.catalina.core.StandardService.stopInternal(StandardService.java:495) [tomcat-embed-core-9.0.69.jar:9.0.69]
	at org.apache.catalina.util.LifecycleBase.stop(LifecycleBase.java:257) [tomcat-embed-core-9.0.69.jar:9.0.69]
	at org.apache.catalina.core.StandardServer.stopInternal(StandardServer.java:982) [tomcat-embed-core-9.0.69.jar:9.0.69]
	at org.apache.catalina.util.LifecycleBase.stop(LifecycleBase.java:257) [tomcat-embed-core-9.0.69.jar:9.0.69]
	at org.apache.catalina.startup.Tomcat.stop(Tomcat.java:496) [tomcat-embed-core-9.0.69.jar:9.0.69]
	at org.springframework.boot.web.embedded.tomcat.TomcatWebServer.stopTomcat(TomcatWebServer.java:273) [spring-boot-2.7.6.jar:2.7.6]
	at org.springframework.boot.web.embedded.tomcat.TomcatWebServer.stop(TomcatWebServer.java:331) [spring-boot-2.7.6.jar:2.7.6]
	at org.springframework.boot.web.servlet.context.WebServerStartStopLifecycle.stop(WebServerStartStopLifecycle.java:52) [spring-boot-2.7.6.jar:2.7.6]
	at org.springframework.context.SmartLifecycle.stop(SmartLifecycle.java:117) [spring-context-5.3.24.jar:5.3.24]
	at org.springframework.context.support.DefaultLifecycleProcessor.doStop(DefaultLifecycleProcessor.java:234) [spring-context-5.3.24.jar:5.3.24]
	at org.springframework.context.support.DefaultLifecycleProcessor.access$300(DefaultLifecycleProcessor.java:54) [spring-context-5.3.24.jar:5.3.24]
	at org.springframework.context.support.DefaultLifecycleProcessor$LifecycleGroup.stop(DefaultLifecycleProcessor.java:373) [spring-context-5.3.24.jar:5.3.24]
	at org.springframework.context.support.DefaultLifecycleProcessor.stopBeans(DefaultLifecycleProcessor.java:206) [spring-context-5.3.24.jar:5.3.24]
	at org.springframework.context.support.DefaultLifecycleProcessor.onClose(DefaultLifecycleProcessor.java:129) [spring-context-5.3.24.jar:5.3.24]
	at org.springframework.context.support.AbstractApplicationContext.doClose(AbstractApplicationContext.java:1067) [spring-context-5.3.24.jar:5.3.24]
	at org.springframework.boot.web.servlet.context.ServletWebServerApplicationContext.doClose(ServletWebServerApplicationContext.java:174) [spring-boot-2.7.6.jar:2.7.6]
	at org.springframework.context.support.AbstractApplicationContext.close(AbstractApplicationContext.java:1021) [spring-context-5.3.24.jar:5.3.24]
	at org.springframework.boot.devtools.restart.Restarter.stop(Restarter.java:309) [spring-boot-devtools-2.7.6.jar:2.7.6]
	at org.springframework.boot.devtools.restart.Restarter.lambda$restart$1(Restarter.java:251) [spring-boot-devtools-2.7.6.jar:2.7.6]
	at org.springframework.boot.devtools.restart.Restarter$LeakSafeThread.run(Restarter.java:629) ~[spring-boot-devtools-2.7.6.jar:2.7.6]

2022-12-12 01:29:00.629  INFO 16264 --- [Thread-6] j.LocalContainerEntityManagerFactoryBean : Closing JPA EntityManagerFactory for persistence unit 'default'
2022-12-12 01:29:00.675  INFO 16264 --- [Thread-6] com.zaxxer.hikari.HikariDataSource       : HikariPool-1 - Shutdown initiated...
2022-12-12 01:29:00.738  INFO 16264 --- [Thread-6] com.zaxxer.hikari.HikariDataSource       : HikariPool-1 - Shutdown completed.
2022-12-12 01:29:01.819  INFO 16264 --- [restartedMain] com.lithan.AbcCar.AbcCarApplication      : Starting AbcCarApplication using Java 1.8.0_202 on LAPTOP-6FVQQUG6 with PID 16264 (C:\Users\ASUS A409F\Documents\DUBU\backup\M9\AbcCar\target\classes started by ASUS A409F in C:\Users\ASUS A409F\Documents\DUBU\backup\M9\AbcCar)
2022-12-12 01:29:01.834  INFO 16264 --- [restartedMain] com.lithan.AbcCar.AbcCarApplication      : No active profile set, falling back to 1 default profile: "default"
2022-12-12 01:29:02.540  INFO 16264 --- [restartedMain] .s.d.r.c.RepositoryConfigurationDelegate : Bootstrapping Spring Data JPA repositories in DEFAULT mode.
2022-12-12 01:29:02.619  INFO 16264 --- [restartedMain] .s.d.r.c.RepositoryConfigurationDelegate : Finished Spring Data repository scanning in 85 ms. Found 4 JPA repository interfaces.
2022-12-12 01:29:03.339  INFO 16264 --- [restartedMain] o.s.b.w.embedded.tomcat.TomcatWebServer  : Tomcat initialized with port(s): 8082 (http)
2022-12-12 01:29:03.355  INFO 16264 --- [restartedMain] o.apache.catalina.core.StandardService   : Starting service [Tomcat]
2022-12-12 01:29:03.355  INFO 16264 --- [restartedMain] org.apache.catalina.core.StandardEngine  : Starting Servlet engine: [Apache Tomcat/9.0.69]
2022-12-12 01:29:03.484  INFO 16264 --- [restartedMain] org.apache.jasper.servlet.TldScanner     : At least one JAR was scanned for TLDs yet contained no TLDs. Enable debug logging for this logger for a complete list of JARs that were scanned but no TLDs were found in them. Skipping unneeded JARs during scanning can improve startup time and JSP compilation time.
2022-12-12 01:29:03.499  INFO 16264 --- [restartedMain] o.a.c.c.C.[Tomcat].[localhost].[/]       : Initializing Spring embedded WebApplicationContext
2022-12-12 01:29:03.499  INFO 16264 --- [restartedMain] w.s.c.ServletWebServerApplicationContext : Root WebApplicationContext: initialization completed in 1665 ms
2022-12-12 01:29:03.516  WARN 16264 --- [restartedMain] o.a.c.c.C.[Tomcat].[localhost].[/]       : Cannot deserialize session attribute [SPRING_SECURITY_CONTEXT] for session [84EFB1C4CA882B858A0280FB624919D3]
2022-12-12 01:29:03.578  INFO 16264 --- [restartedMain] o.hibernate.jpa.internal.util.LogHelper  : HHH000204: Processing PersistenceUnitInfo [name: default]
2022-12-12 01:29:03.594  INFO 16264 --- [restartedMain] com.zaxxer.hikari.HikariDataSource       : HikariPool-2 - Starting...
2022-12-12 01:29:03.594  WARN 16264 --- [restartedMain] com.zaxxer.hikari.util.DriverDataSource  : Registered driver with driverClassName=com.mysql.jdbc.Driver was not found, trying direct instantiation.
2022-12-12 01:29:03.625  INFO 16264 --- [restartedMain] com.zaxxer.hikari.HikariDataSource       : HikariPool-2 - Start completed.
2022-12-12 01:29:03.625  INFO 16264 --- [restartedMain] org.hibernate.dialect.Dialect            : HHH000400: Using dialect: org.hibernate.dialect.MySQL5Dialect
2022-12-12 01:29:04.221  INFO 16264 --- [restartedMain] o.h.e.t.j.p.i.JtaPlatformInitiator       : HHH000490: Using JtaPlatform implementation: [org.hibernate.engine.transaction.jta.platform.internal.NoJtaPlatform]
2022-12-12 01:29:04.221  INFO 16264 --- [restartedMain] j.LocalContainerEntityManagerFactoryBean : Initialized JPA EntityManagerFactory for persistence unit 'default'
2022-12-12 01:29:04.708  INFO 16264 --- [restartedMain] f.a.AutowiredAnnotationBeanPostProcessor : Autowired annotation should only be used on methods with parameters: org.springframework.security.authentication.AuthenticationProvider com.lithan.AbcCar.security.ApplicationSecurityConfig.authProvider()
2022-12-12 01:29:04.739  WARN 16264 --- [restartedMain] JpaBaseConfiguration$JpaWebConfiguration : spring.jpa.open-in-view is enabled by default. Therefore, database queries may be performed during view rendering. Explicitly configure spring.jpa.open-in-view to disable this warning
2022-12-12 01:29:04.808  INFO 16264 --- [restartedMain] o.s.s.web.DefaultSecurityFilterChain     : Will secure any request with [org.springframework.security.web.session.DisableEncodeUrlFilter@5a9200cb, org.springframework.security.web.context.request.async.WebAsyncManagerIntegrationFilter@e6656, org.springframework.security.web.context.SecurityContextPersistenceFilter@c65588f, org.springframework.security.web.header.HeaderWriterFilter@ac35967, org.springframework.security.web.csrf.CsrfFilter@5caa447e, org.springframework.security.web.authentication.logout.LogoutFilter@41457ce1, org.springframework.security.web.authentication.UsernamePasswordAuthenticationFilter@1c4e4c20, org.springframework.security.web.savedrequest.RequestCacheAwareFilter@6601ed07, org.springframework.security.web.servletapi.SecurityContextHolderAwareRequestFilter@761998c1, org.springframework.security.web.authentication.AnonymousAuthenticationFilter@da311ac, org.springframework.security.web.session.SessionManagementFilter@2e26519, org.springframework.security.web.access.ExceptionTranslationFilter@14dfca3e, org.springframework.security.web.access.intercept.FilterSecurityInterceptor@649d37ac]
2022-12-12 01:29:05.262  INFO 16264 --- [restartedMain] o.s.b.d.a.OptionalLiveReloadServer       : LiveReload server is running on port 35729
2022-12-12 01:29:05.309  INFO 16264 --- [restartedMain] o.s.b.w.embedded.tomcat.TomcatWebServer  : Tomcat started on port(s): 8082 (http) with context path ''
2022-12-12 01:29:05.341  INFO 16264 --- [restartedMain] com.lithan.AbcCar.AbcCarApplication      : Started AbcCarApplication in 3.623 seconds (JVM running for 2542.994)
2022-12-12 01:29:05.356  INFO 16264 --- [restartedMain] .ConditionEvaluationDeltaLoggingListener : Condition evaluation unchanged
2022-12-12 01:29:06.724  INFO 16264 --- [File Watcher] rtingClassPathChangeChangedEventListener : Restarting due to 10 class path changes (10 additions, 0 deletions, 0 modifications)
2022-12-12 01:29:06.838  INFO 16264 --- [Thread-8] o.apache.catalina.core.StandardService   : Stopping service [Tomcat]
2022-12-12 01:29:06.854  INFO 16264 --- [Thread-8] j.LocalContainerEntityManagerFactoryBean : Closing JPA EntityManagerFactory for persistence unit 'default'
2022-12-12 01:29:06.854  INFO 16264 --- [Thread-8] com.zaxxer.hikari.HikariDataSource       : HikariPool-2 - Shutdown initiated...
2022-12-12 01:29:06.870  INFO 16264 --- [Thread-8] com.zaxxer.hikari.HikariDataSource       : HikariPool-2 - Shutdown completed.
2022-12-12 01:29:07.136  INFO 16264 --- [restartedMain] com.lithan.AbcCar.AbcCarApplication      : Starting AbcCarApplication using Java 1.8.0_202 on LAPTOP-6FVQQUG6 with PID 16264 (C:\Users\ASUS A409F\Documents\DUBU\backup\M9\AbcCar\target\classes started by ASUS A409F in C:\Users\ASUS A409F\Documents\DUBU\backup\M9\AbcCar)
2022-12-12 01:29:07.136  INFO 16264 --- [restartedMain] com.lithan.AbcCar.AbcCarApplication      : No active profile set, falling back to 1 default profile: "default"
2022-12-12 01:29:07.372  INFO 16264 --- [restartedMain] .s.d.r.c.RepositoryConfigurationDelegate : Bootstrapping Spring Data JPA repositories in DEFAULT mode.
2022-12-12 01:29:07.387  INFO 16264 --- [restartedMain] .s.d.r.c.RepositoryConfigurationDelegate : Finished Spring Data repository scanning in 18 ms. Found 4 JPA repository interfaces.
2022-12-12 01:29:07.575  INFO 16264 --- [restartedMain] o.s.b.w.embedded.tomcat.TomcatWebServer  : Tomcat initialized with port(s): 8082 (http)
2022-12-12 01:29:07.575  INFO 16264 --- [restartedMain] o.apache.catalina.core.StandardService   : Starting service [Tomcat]
2022-12-12 01:29:07.575  INFO 16264 --- [restartedMain] org.apache.catalina.core.StandardEngine  : Starting Servlet engine: [Apache Tomcat/9.0.69]
2022-12-12 01:29:07.815  INFO 16264 --- [restartedMain] org.apache.jasper.servlet.TldScanner     : At least one JAR was scanned for TLDs yet contained no TLDs. Enable debug logging for this logger for a complete list of JARs that were scanned but no TLDs were found in them. Skipping unneeded JARs during scanning can improve startup time and JSP compilation time.
2022-12-12 01:29:07.815  INFO 16264 --- [restartedMain] o.a.c.c.C.[Tomcat].[localhost].[/]       : Initializing Spring embedded WebApplicationContext
2022-12-12 01:29:07.815  INFO 16264 --- [restartedMain] w.s.c.ServletWebServerApplicationContext : Root WebApplicationContext: initialization completed in 679 ms
2022-12-12 01:29:07.842  INFO 16264 --- [restartedMain] o.hibernate.jpa.internal.util.LogHelper  : HHH000204: Processing PersistenceUnitInfo [name: default]
2022-12-12 01:29:07.858  INFO 16264 --- [restartedMain] com.zaxxer.hikari.HikariDataSource       : HikariPool-3 - Starting...
2022-12-12 01:29:07.858  WARN 16264 --- [restartedMain] com.zaxxer.hikari.util.DriverDataSource  : Registered driver with driverClassName=com.mysql.jdbc.Driver was not found, trying direct instantiation.
2022-12-12 01:29:07.873  INFO 16264 --- [restartedMain] com.zaxxer.hikari.HikariDataSource       : HikariPool-3 - Start completed.
2022-12-12 01:29:07.873  INFO 16264 --- [restartedMain] org.hibernate.dialect.Dialect            : HHH000400: Using dialect: org.hibernate.dialect.MySQL5Dialect
2022-12-12 01:29:08.329  INFO 16264 --- [restartedMain] o.h.e.t.j.p.i.JtaPlatformInitiator       : HHH000490: Using JtaPlatform implementation: [org.hibernate.engine.transaction.jta.platform.internal.NoJtaPlatform]
2022-12-12 01:29:08.329  INFO 16264 --- [restartedMain] j.LocalContainerEntityManagerFactoryBean : Initialized JPA EntityManagerFactory for persistence unit 'default'
2022-12-12 01:29:08.485  INFO 16264 --- [restartedMain] f.a.AutowiredAnnotationBeanPostProcessor : Autowired annotation should only be used on methods with parameters: org.springframework.security.authentication.AuthenticationProvider com.lithan.AbcCar.security.ApplicationSecurityConfig.authProvider()
2022-12-12 01:29:08.501  WARN 16264 --- [restartedMain] JpaBaseConfiguration$JpaWebConfiguration : spring.jpa.open-in-view is enabled by default. Therefore, database queries may be performed during view rendering. Explicitly configure spring.jpa.open-in-view to disable this warning
2022-12-12 01:29:08.516  INFO 16264 --- [restartedMain] o.s.s.web.DefaultSecurityFilterChain     : Will secure any request with [org.springframework.security.web.session.DisableEncodeUrlFilter@2a44ae40, org.springframework.security.web.context.request.async.WebAsyncManagerIntegrationFilter@4abdca, org.springframework.security.web.context.SecurityContextPersistenceFilter@274d96d9, org.springframework.security.web.header.HeaderWriterFilter@16f34e94, org.springframework.security.web.csrf.CsrfFilter@188ea110, org.springframework.security.web.authentication.logout.LogoutFilter@1ca2b725, org.springframework.security.web.authentication.UsernamePasswordAuthenticationFilter@66716208, org.springframework.security.web.savedrequest.RequestCacheAwareFilter@2081cbcf, org.springframework.security.web.servletapi.SecurityContextHolderAwareRequestFilter@2c0aa6a5, org.springframework.security.web.authentication.AnonymousAuthenticationFilter@5ac94d67, org.springframework.security.web.session.SessionManagementFilter@4aa638bc, org.springframework.security.web.access.ExceptionTranslationFilter@4018fa6d, org.springframework.security.web.access.intercept.FilterSecurityInterceptor@5451c10d]
2022-12-12 01:29:08.626  INFO 16264 --- [restartedMain] o.s.b.d.a.OptionalLiveReloadServer       : LiveReload server is running on port 35729
2022-12-12 01:29:08.642  INFO 16264 --- [restartedMain] o.s.b.w.embedded.tomcat.TomcatWebServer  : Tomcat started on port(s): 8082 (http) with context path ''
2022-12-12 01:29:08.642  INFO 16264 --- [restartedMain] com.lithan.AbcCar.AbcCarApplication      : Started AbcCarApplication in 1.552 seconds (JVM running for 2546.295)
2022-12-12 01:29:08.642  INFO 16264 --- [restartedMain] .ConditionEvaluationDeltaLoggingListener : Condition evaluation unchanged
2022-12-12 01:29:51.047  INFO 16264 --- [http-nio-8082-exec-2] o.a.c.c.C.[Tomcat].[localhost].[/]       : Initializing Spring DispatcherServlet 'dispatcherServlet'
2022-12-12 01:29:51.047  INFO 16264 --- [http-nio-8082-exec-2] o.s.web.servlet.DispatcherServlet        : Initializing Servlet 'dispatcherServlet'
2022-12-12 01:29:51.063  INFO 16264 --- [http-nio-8082-exec-2] o.s.web.servlet.DispatcherServlet        : Completed initialization in 16 ms
2022-12-12 01:57:35.608  INFO 16264 --- [RMI TCP Connection(2)-127.0.0.1] inMXBeanRegistrar$SpringApplicationAdmin : Application shutdown requested.
2022-12-12 01:57:35.765  INFO 16264 --- [RMI TCP Connection(2)-127.0.0.1] o.apache.catalina.core.StandardService   : Stopping service [Tomcat]
2022-12-12 01:57:35.765  INFO 16264 --- [RMI TCP Connection(2)-127.0.0.1] o.a.c.c.C.[Tomcat].[localhost].[/]       : Destroying Spring FrameworkServlet 'dispatcherServlet'
2022-12-12 01:57:35.781  WARN 16264 --- [RMI TCP Connection(2)-127.0.0.1] o.a.c.c.C.[Tomcat].[localhost].[/]       : Cannot serialize session attribute [SPRING_SECURITY_CONTEXT] for session [BDCE519D5ABAD1611398796329775F07]

java.io.NotSerializableException: com.lithan.AbcCar.entity.UserAccount
	at java.io.ObjectOutputStream.writeObject0(ObjectOutputStream.java:1184) ~[na:1.8.0_202]
	at java.io.ObjectOutputStream.defaultWriteFields(ObjectOutputStream.java:1548) ~[na:1.8.0_202]
	at java.io.ObjectOutputStream.writeSerialData(ObjectOutputStream.java:1509) ~[na:1.8.0_202]
	at java.io.ObjectOutputStream.writeOrdinaryObject(ObjectOutputStream.java:1432) ~[na:1.8.0_202]
	at java.io.ObjectOutputStream.writeObject0(ObjectOutputStream.java:1178) ~[na:1.8.0_202]
	at java.io.ObjectOutputStream.defaultWriteFields(ObjectOutputStream.java:1548) ~[na:1.8.0_202]
	at java.io.ObjectOutputStream.writeSerialData(ObjectOutputStream.java:1509) ~[na:1.8.0_202]
	at java.io.ObjectOutputStream.writeOrdinaryObject(ObjectOutputStream.java:1432) ~[na:1.8.0_202]
	at java.io.ObjectOutputStream.writeObject0(ObjectOutputStream.java:1178) ~[na:1.8.0_202]
	at java.io.ObjectOutputStream.defaultWriteFields(ObjectOutputStream.java:1548) ~[na:1.8.0_202]
	at java.io.ObjectOutputStream.writeSerialData(ObjectOutputStream.java:1509) ~[na:1.8.0_202]
	at java.io.ObjectOutputStream.writeOrdinaryObject(ObjectOutputStream.java:1432) ~[na:1.8.0_202]
	at java.io.ObjectOutputStream.writeObject0(ObjectOutputStream.java:1178) ~[na:1.8.0_202]
	at java.io.ObjectOutputStream.writeObject(ObjectOutputStream.java:348) ~[na:1.8.0_202]
	at org.apache.catalina.session.StandardSession.doWriteObject(StandardSession.java:1761) [tomcat-embed-core-9.0.69.jar:9.0.69]
	at org.apache.catalina.session.StandardSession.writeObjectData(StandardSession.java:1067) [tomcat-embed-core-9.0.69.jar:9.0.69]
	at org.apache.catalina.session.StandardManager.doUnload(StandardManager.java:317) [tomcat-embed-core-9.0.69.jar:9.0.69]
	at org.apache.catalina.session.StandardManager.unload(StandardManager.java:268) [tomcat-embed-core-9.0.69.jar:9.0.69]
	at org.apache.catalina.session.StandardManager.stopInternal(StandardManager.java:384) [tomcat-embed-core-9.0.69.jar:9.0.69]
	at org.apache.catalina.util.LifecycleBase.stop(LifecycleBase.java:257) [tomcat-embed-core-9.0.69.jar:9.0.69]
	at org.apache.catalina.core.StandardContext.stopInternal(StandardContext.java:5459) [tomcat-embed-core-9.0.69.jar:9.0.69]
	at org.apache.catalina.util.LifecycleBase.stop(LifecycleBase.java:257) [tomcat-embed-core-9.0.69.jar:9.0.69]
	at org.apache.catalina.core.ContainerBase$StopChild.call(ContainerBase.java:1409) [tomcat-embed-core-9.0.69.jar:9.0.69]
	at org.apache.catalina.core.ContainerBase$StopChild.call(ContainerBase.java:1398) [tomcat-embed-core-9.0.69.jar:9.0.69]
	at java.util.concurrent.FutureTask.run(FutureTask.java:266) [na:1.8.0_202]
	at org.apache.tomcat.util.threads.InlineExecutorService.execute(InlineExecutorService.java:75) [tomcat-embed-core-9.0.69.jar:9.0.69]
	at java.util.concurrent.AbstractExecutorService.submit(AbstractExecutorService.java:134) [na:1.8.0_202]
	at org.apache.catalina.core.ContainerBase.stopInternal(ContainerBase.java:983) [tomcat-embed-core-9.0.69.jar:9.0.69]
	at org.apache.catalina.util.LifecycleBase.stop(LifecycleBase.java:257) [tomcat-embed-core-9.0.69.jar:9.0.69]
	at org.apache.catalina.core.ContainerBase$StopChild.call(ContainerBase.java:1409) [tomcat-embed-core-9.0.69.jar:9.0.69]
	at org.apache.catalina.core.ContainerBase$StopChild.call(ContainerBase.java:1398) [tomcat-embed-core-9.0.69.jar:9.0.69]
	at java.util.concurrent.FutureTask.run(FutureTask.java:266) [na:1.8.0_202]
	at org.apache.tomcat.util.threads.InlineExecutorService.execute(InlineExecutorService.java:75) [tomcat-embed-core-9.0.69.jar:9.0.69]
	at java.util.concurrent.AbstractExecutorService.submit(AbstractExecutorService.java:134) [na:1.8.0_202]
	at org.apache.catalina.core.ContainerBase.stopInternal(ContainerBase.java:983) [tomcat-embed-core-9.0.69.jar:9.0.69]
	at org.apache.catalina.util.LifecycleBase.stop(LifecycleBase.java:257) [tomcat-embed-core-9.0.69.jar:9.0.69]
	at org.apache.catalina.core.StandardService.stopInternal(StandardService.java:495) [tomcat-embed-core-9.0.69.jar:9.0.69]
	at org.apache.catalina.util.LifecycleBase.stop(LifecycleBase.java:257) [tomcat-embed-core-9.0.69.jar:9.0.69]
	at org.apache.catalina.core.StandardServer.stopInternal(StandardServer.java:982) [tomcat-embed-core-9.0.69.jar:9.0.69]
	at org.apache.catalina.util.LifecycleBase.stop(LifecycleBase.java:257) [tomcat-embed-core-9.0.69.jar:9.0.69]
	at org.apache.catalina.startup.Tomcat.stop(Tomcat.java:496) [tomcat-embed-core-9.0.69.jar:9.0.69]
	at org.springframework.boot.web.embedded.tomcat.TomcatWebServer.stopTomcat(TomcatWebServer.java:273) [spring-boot-2.7.6.jar:2.7.6]
	at org.springframework.boot.web.embedded.tomcat.TomcatWebServer.stop(TomcatWebServer.java:331) [spring-boot-2.7.6.jar:2.7.6]
	at org.springframework.boot.web.servlet.context.WebServerStartStopLifecycle.stop(WebServerStartStopLifecycle.java:52) [spring-boot-2.7.6.jar:2.7.6]
	at org.springframework.context.SmartLifecycle.stop(SmartLifecycle.java:117) [spring-context-5.3.24.jar:5.3.24]
	at org.springframework.context.support.DefaultLifecycleProcessor.doStop(DefaultLifecycleProcessor.java:234) [spring-context-5.3.24.jar:5.3.24]
	at org.springframework.context.support.DefaultLifecycleProcessor.access$300(DefaultLifecycleProcessor.java:54) [spring-context-5.3.24.jar:5.3.24]
	at org.springframework.context.support.DefaultLifecycleProcessor$LifecycleGroup.stop(DefaultLifecycleProcessor.java:373) [spring-context-5.3.24.jar:5.3.24]
	at org.springframework.context.support.DefaultLifecycleProcessor.stopBeans(DefaultLifecycleProcessor.java:206) [spring-context-5.3.24.jar:5.3.24]
	at org.springframework.context.support.DefaultLifecycleProcessor.onClose(DefaultLifecycleProcessor.java:129) [spring-context-5.3.24.jar:5.3.24]
	at org.springframework.context.support.AbstractApplicationContext.doClose(AbstractApplicationContext.java:1067) [spring-context-5.3.24.jar:5.3.24]
	at org.springframework.boot.web.servlet.context.ServletWebServerApplicationContext.doClose(ServletWebServerApplicationContext.java:174) [spring-boot-2.7.6.jar:2.7.6]
	at org.springframework.context.support.AbstractApplicationContext.close(AbstractApplicationContext.java:1021) [spring-context-5.3.24.jar:5.3.24]
	at org.springframework.boot.admin.SpringApplicationAdminMXBeanRegistrar$SpringApplicationAdmin.shutdown(SpringApplicationAdminMXBeanRegistrar.java:160) [spring-boot-2.7.6.jar:2.7.6]
	at sun.reflect.NativeMethodAccessorImpl.invoke0(Native Method) ~[na:1.8.0_202]
	at sun.reflect.NativeMethodAccessorImpl.invoke(NativeMethodAccessorImpl.java:62) ~[na:1.8.0_202]
	at sun.reflect.DelegatingMethodAccessorImpl.invoke(DelegatingMethodAccessorImpl.java:43) ~[na:1.8.0_202]
	at java.lang.reflect.Method.invoke(Method.java:498) ~[na:1.8.0_202]
	at sun.reflect.misc.Trampoline.invoke(MethodUtil.java:71) [na:1.8.0_202]
	at sun.reflect.NativeMethodAccessorImpl.invoke0(Native Method) ~[na:1.8.0_202]
	at sun.reflect.NativeMethodAccessorImpl.invoke(NativeMethodAccessorImpl.java:62) ~[na:1.8.0_202]
	at sun.reflect.DelegatingMethodAccessorImpl.invoke(DelegatingMethodAccessorImpl.java:43) ~[na:1.8.0_202]
	at java.lang.reflect.Method.invoke(Method.java:498) ~[na:1.8.0_202]
	at sun.reflect.misc.MethodUtil.invoke(MethodUtil.java:275) [na:1.8.0_202]
	at com.sun.jmx.mbeanserver.ConvertingMethod.invokeWithOpenReturn(ConvertingMethod.java:193) [na:1.8.0_202]
	at com.sun.jmx.mbeanserver.ConvertingMethod.invokeWithOpenReturn(ConvertingMethod.java:175) [na:1.8.0_202]
	at com.sun.jmx.mbeanserver.MXBeanIntrospector.invokeM2(MXBeanIntrospector.java:117) [na:1.8.0_202]
	at com.sun.jmx.mbeanserver.MXBeanIntrospector.invokeM2(MXBeanIntrospector.java:54) [na:1.8.0_202]
	at com.sun.jmx.mbeanserver.MBeanIntrospector.invokeM(MBeanIntrospector.java:237) [na:1.8.0_202]
	at com.sun.jmx.mbeanserver.PerInterface.invoke(PerInterface.java:138) [na:1.8.0_202]
	at com.sun.jmx.mbeanserver.MBeanSupport.invoke(MBeanSupport.java:252) [na:1.8.0_202]
	at com.sun.jmx.interceptor.DefaultMBeanServerInterceptor.invoke(DefaultMBeanServerInterceptor.java:819) [na:1.8.0_202]
	at com.sun.jmx.mbeanserver.JmxMBeanServer.invoke(JmxMBeanServer.java:801) [na:1.8.0_202]
	at javax.management.remote.rmi.RMIConnectionImpl.doOperation(RMIConnectionImpl.java:1468) [na:1.8.0_202]
	at javax.management.remote.rmi.RMIConnectionImpl.access$300(RMIConnectionImpl.java:76) [na:1.8.0_202]
	at javax.management.remote.rmi.RMIConnectionImpl$PrivilegedOperation.run(RMIConnectionImpl.java:1309) [na:1.8.0_202]
	at javax.management.remote.rmi.RMIConnectionImpl.doPrivilegedOperation(RMIConnectionImpl.java:1401) [na:1.8.0_202]
	at javax.management.remote.rmi.RMIConnectionImpl.invoke(RMIConnectionImpl.java:829) [na:1.8.0_202]
	at sun.reflect.NativeMethodAccessorImpl.invoke0(Native Method) ~[na:1.8.0_202]
	at sun.reflect.NativeMethodAccessorImpl.invoke(NativeMethodAccessorImpl.java:62) ~[na:1.8.0_202]
	at sun.reflect.DelegatingMethodAccessorImpl.invoke(DelegatingMethodAccessorImpl.java:43) ~[na:1.8.0_202]
	at java.lang.reflect.Method.invoke(Method.java:498) ~[na:1.8.0_202]
	at sun.rmi.server.UnicastServerRef.dispatch(UnicastServerRef.java:357) [na:1.8.0_202]
	at sun.rmi.transport.Transport$1.run(Transport.java:200) [na:1.8.0_202]
	at sun.rmi.transport.Transport$1.run(Transport.java:197) [na:1.8.0_202]
	at java.security.AccessController.doPrivileged(Native Method) [na:1.8.0_202]
	at sun.rmi.transport.Transport.serviceCall(Transport.java:196) [na:1.8.0_202]
	at sun.rmi.transport.tcp.TCPTransport.handleMessages(TCPTransport.java:573) [na:1.8.0_202]
	at sun.rmi.transport.tcp.TCPTransport$ConnectionHandler.run0(TCPTransport.java:834) [na:1.8.0_202]
	at sun.rmi.transport.tcp.TCPTransport$ConnectionHandler.lambda$run$0(TCPTransport.java:688) [na:1.8.0_202]
	at java.security.AccessController.doPrivileged(Native Method) [na:1.8.0_202]
	at sun.rmi.transport.tcp.TCPTransport$ConnectionHandler.run(TCPTransport.java:687) [na:1.8.0_202]
	at java.util.concurrent.ThreadPoolExecutor.runWorker(ThreadPoolExecutor.java:1149) ~[na:1.8.0_202]
	at java.util.concurrent.ThreadPoolExecutor$Worker.run(ThreadPoolExecutor.java:624) ~[na:1.8.0_202]
	at java.lang.Thread.run(Thread.java:748) ~[na:1.8.0_202]

2022-12-12 01:57:35.812  INFO 16264 --- [RMI TCP Connection(2)-127.0.0.1] j.LocalContainerEntityManagerFactoryBean : Closing JPA EntityManagerFactory for persistence unit 'default'
2022-12-12 01:57:35.828  INFO 16264 --- [RMI TCP Connection(2)-127.0.0.1] com.zaxxer.hikari.HikariDataSource       : HikariPool-3 - Shutdown initiated...
2022-12-12 01:57:35.859  INFO 16264 --- [RMI TCP Connection(2)-127.0.0.1] com.zaxxer.hikari.HikariDataSource       : HikariPool-3 - Shutdown completed.
2022-12-12 08:31:26.978  INFO 8252 --- [restartedMain] com.lithan.AbcCar.AbcCarApplication      : Starting AbcCarApplication using Java 1.8.0_202 on LAPTOP-6FVQQUG6 with PID 8252 (C:\Users\ASUS A409F\Documents\DUBU\backup\M9\AbcCar\target\classes started by ASUS A409F in C:\Users\ASUS A409F\Documents\DUBU\backup\M9\AbcCar)
2022-12-12 08:31:26.980  INFO 8252 --- [restartedMain] com.lithan.AbcCar.AbcCarApplication      : No active profile set, falling back to 1 default profile: "default"
2022-12-12 08:31:27.058  INFO 8252 --- [restartedMain] .e.DevToolsPropertyDefaultsPostProcessor : Devtools property defaults active! Set 'spring.devtools.add-properties' to 'false' to disable
2022-12-12 08:31:27.058  INFO 8252 --- [restartedMain] .e.DevToolsPropertyDefaultsPostProcessor : For additional web related logging consider setting the 'logging.level.web' property to 'DEBUG'
2022-12-12 08:31:28.150  INFO 8252 --- [restartedMain] .s.d.r.c.RepositoryConfigurationDelegate : Bootstrapping Spring Data JPA repositories in DEFAULT mode.
2022-12-12 08:31:28.227  INFO 8252 --- [restartedMain] .s.d.r.c.RepositoryConfigurationDelegate : Finished Spring Data repository scanning in 66 ms. Found 4 JPA repository interfaces.
2022-12-12 08:31:29.135  INFO 8252 --- [restartedMain] o.s.b.w.embedded.tomcat.TomcatWebServer  : Tomcat initialized with port(s): 8082 (http)
2022-12-12 08:31:29.135  INFO 8252 --- [restartedMain] o.apache.catalina.core.StandardService   : Starting service [Tomcat]
2022-12-12 08:31:29.135  INFO 8252 --- [restartedMain] org.apache.catalina.core.StandardEngine  : Starting Servlet engine: [Apache Tomcat/9.0.69]
2022-12-12 08:31:29.442  INFO 8252 --- [restartedMain] org.apache.jasper.servlet.TldScanner     : At least one JAR was scanned for TLDs yet contained no TLDs. Enable debug logging for this logger for a complete list of JARs that were scanned but no TLDs were found in them. Skipping unneeded JARs during scanning can improve startup time and JSP compilation time.
2022-12-12 08:31:29.449  INFO 8252 --- [restartedMain] o.a.c.c.C.[Tomcat].[localhost].[/]       : Initializing Spring embedded WebApplicationContext
2022-12-12 08:31:29.449  INFO 8252 --- [restartedMain] w.s.c.ServletWebServerApplicationContext : Root WebApplicationContext: initialization completed in 2391 ms
2022-12-12 08:31:29.523  WARN 8252 --- [restartedMain] o.a.c.c.C.[Tomcat].[localhost].[/]       : Cannot deserialize session attribute [SPRING_SECURITY_CONTEXT] for session [BDCE519D5ABAD1611398796329775F07]
2022-12-12 08:31:29.678  INFO 8252 --- [restartedMain] o.hibernate.jpa.internal.util.LogHelper  : HHH000204: Processing PersistenceUnitInfo [name: default]
2022-12-12 08:31:29.756  INFO 8252 --- [restartedMain] org.hibernate.Version                    : HHH000412: Hibernate ORM core version 5.6.14.Final
2022-12-12 08:31:29.993  INFO 8252 --- [restartedMain] o.hibernate.annotations.common.Version   : HCANN000001: Hibernate Commons Annotations {5.1.2.Final}
2022-12-12 08:31:30.105  INFO 8252 --- [restartedMain] com.zaxxer.hikari.HikariDataSource       : HikariPool-1 - Starting...
2022-12-12 08:31:30.105  WARN 8252 --- [restartedMain] com.zaxxer.hikari.util.DriverDataSource  : Registered driver with driverClassName=com.mysql.jdbc.Driver was not found, trying direct instantiation.
2022-12-12 08:31:30.799  INFO 8252 --- [restartedMain] com.zaxxer.hikari.HikariDataSource       : HikariPool-1 - Start completed.
2022-12-12 08:31:30.824  INFO 8252 --- [restartedMain] org.hibernate.dialect.Dialect            : HHH000400: Using dialect: org.hibernate.dialect.MySQL5Dialect
2022-12-12 08:31:32.338  INFO 8252 --- [restartedMain] o.h.e.t.j.p.i.JtaPlatformInitiator       : HHH000490: Using JtaPlatform implementation: [org.hibernate.engine.transaction.jta.platform.internal.NoJtaPlatform]
2022-12-12 08:31:32.355  INFO 8252 --- [restartedMain] j.LocalContainerEntityManagerFactoryBean : Initialized JPA EntityManagerFactory for persistence unit 'default'
2022-12-12 08:31:33.074  INFO 8252 --- [restartedMain] f.a.AutowiredAnnotationBeanPostProcessor : Autowired annotation should only be used on methods with parameters: org.springframework.security.authentication.AuthenticationProvider com.lithan.AbcCar.security.ApplicationSecurityConfig.authProvider()
2022-12-12 08:31:33.168  WARN 8252 --- [restartedMain] JpaBaseConfiguration$JpaWebConfiguration : spring.jpa.open-in-view is enabled by default. Therefore, database queries may be performed during view rendering. Explicitly configure spring.jpa.open-in-view to disable this warning
2022-12-12 08:31:33.341  INFO 8252 --- [restartedMain] o.s.s.web.DefaultSecurityFilterChain     : Will secure any request with [org.springframework.security.web.session.DisableEncodeUrlFilter@24c03b78, org.springframework.security.web.context.request.async.WebAsyncManagerIntegrationFilter@51398aa3, org.springframework.security.web.context.SecurityContextPersistenceFilter@1fe3d6b5, org.springframework.security.web.header.HeaderWriterFilter@6c7f9cc, org.springframework.security.web.csrf.CsrfFilter@7fe3096c, org.springframework.security.web.authentication.logout.LogoutFilter@14465500, org.springframework.security.web.authentication.UsernamePasswordAuthenticationFilter@24a08b4e, org.springframework.security.web.savedrequest.RequestCacheAwareFilter@a678235, org.springframework.security.web.servletapi.SecurityContextHolderAwareRequestFilter@390af621, org.springframework.security.web.authentication.AnonymousAuthenticationFilter@34e54236, org.springframework.security.web.session.SessionManagementFilter@2a5f3c07, org.springframework.security.web.access.ExceptionTranslationFilter@6d0462a0, org.springframework.security.web.access.intercept.FilterSecurityInterceptor@430a0c36]
2022-12-12 08:31:33.987  INFO 8252 --- [restartedMain] o.s.b.d.a.OptionalLiveReloadServer       : LiveReload server is running on port 35729
2022-12-12 08:31:34.056  INFO 8252 --- [restartedMain] o.s.b.w.embedded.tomcat.TomcatWebServer  : Tomcat started on port(s): 8082 (http) with context path ''
2022-12-12 08:31:34.078  INFO 8252 --- [restartedMain] com.lithan.AbcCar.AbcCarApplication      : Started AbcCarApplication in 7.769 seconds (JVM running for 9.016)
2022-12-12 08:32:47.599  INFO 8252 --- [http-nio-8082-exec-2] o.a.c.c.C.[Tomcat].[localhost].[/]       : Initializing Spring DispatcherServlet 'dispatcherServlet'
2022-12-12 08:32:47.599  INFO 8252 --- [http-nio-8082-exec-2] o.s.web.servlet.DispatcherServlet        : Initializing Servlet 'dispatcherServlet'
2022-12-12 08:32:47.606  INFO 8252 --- [http-nio-8082-exec-2] o.s.web.servlet.DispatcherServlet        : Completed initialization in 4 ms
2022-12-12 08:44:07.103  INFO 8252 --- [RMI TCP Connection(2)-127.0.0.1] inMXBeanRegistrar$SpringApplicationAdmin : Application shutdown requested.
2022-12-12 08:44:07.607  INFO 8252 --- [RMI TCP Connection(2)-127.0.0.1] o.apache.catalina.core.StandardService   : Stopping service [Tomcat]
2022-12-12 08:44:07.623  INFO 8252 --- [RMI TCP Connection(2)-127.0.0.1] o.a.c.c.C.[Tomcat].[localhost].[/]       : Destroying Spring FrameworkServlet 'dispatcherServlet'
2022-12-12 08:44:07.640  WARN 8252 --- [RMI TCP Connection(2)-127.0.0.1] o.a.c.c.C.[Tomcat].[localhost].[/]       : Cannot serialize session attribute [SPRING_SECURITY_CONTEXT] for session [485B199EF99DC173F0DF79880B7CA3EC]

java.io.NotSerializableException: com.lithan.AbcCar.entity.UserAccount
	at java.io.ObjectOutputStream.writeObject0(ObjectOutputStream.java:1184) ~[na:1.8.0_202]
	at java.io.ObjectOutputStream.defaultWriteFields(ObjectOutputStream.java:1548) ~[na:1.8.0_202]
	at java.io.ObjectOutputStream.writeSerialData(ObjectOutputStream.java:1509) ~[na:1.8.0_202]
	at java.io.ObjectOutputStream.writeOrdinaryObject(ObjectOutputStream.java:1432) ~[na:1.8.0_202]
	at java.io.ObjectOutputStream.writeObject0(ObjectOutputStream.java:1178) ~[na:1.8.0_202]
	at java.io.ObjectOutputStream.defaultWriteFields(ObjectOutputStream.java:1548) ~[na:1.8.0_202]
	at java.io.ObjectOutputStream.writeSerialData(ObjectOutputStream.java:1509) ~[na:1.8.0_202]
	at java.io.ObjectOutputStream.writeOrdinaryObject(ObjectOutputStream.java:1432) ~[na:1.8.0_202]
	at java.io.ObjectOutputStream.writeObject0(ObjectOutputStream.java:1178) ~[na:1.8.0_202]
	at java.io.ObjectOutputStream.defaultWriteFields(ObjectOutputStream.java:1548) ~[na:1.8.0_202]
	at java.io.ObjectOutputStream.writeSerialData(ObjectOutputStream.java:1509) ~[na:1.8.0_202]
	at java.io.ObjectOutputStream.writeOrdinaryObject(ObjectOutputStream.java:1432) ~[na:1.8.0_202]
	at java.io.ObjectOutputStream.writeObject0(ObjectOutputStream.java:1178) ~[na:1.8.0_202]
	at java.io.ObjectOutputStream.writeObject(ObjectOutputStream.java:348) ~[na:1.8.0_202]
	at org.apache.catalina.session.StandardSession.doWriteObject(StandardSession.java:1761) [tomcat-embed-core-9.0.69.jar:9.0.69]
	at org.apache.catalina.session.StandardSession.writeObjectData(StandardSession.java:1067) [tomcat-embed-core-9.0.69.jar:9.0.69]
	at org.apache.catalina.session.StandardManager.doUnload(StandardManager.java:317) [tomcat-embed-core-9.0.69.jar:9.0.69]
	at org.apache.catalina.session.StandardManager.unload(StandardManager.java:268) [tomcat-embed-core-9.0.69.jar:9.0.69]
	at org.apache.catalina.session.StandardManager.stopInternal(StandardManager.java:384) [tomcat-embed-core-9.0.69.jar:9.0.69]
	at org.apache.catalina.util.LifecycleBase.stop(LifecycleBase.java:257) [tomcat-embed-core-9.0.69.jar:9.0.69]
	at org.apache.catalina.core.StandardContext.stopInternal(StandardContext.java:5459) [tomcat-embed-core-9.0.69.jar:9.0.69]
	at org.apache.catalina.util.LifecycleBase.stop(LifecycleBase.java:257) [tomcat-embed-core-9.0.69.jar:9.0.69]
	at org.apache.catalina.core.ContainerBase$StopChild.call(ContainerBase.java:1409) [tomcat-embed-core-9.0.69.jar:9.0.69]
	at org.apache.catalina.core.ContainerBase$StopChild.call(ContainerBase.java:1398) [tomcat-embed-core-9.0.69.jar:9.0.69]
	at java.util.concurrent.FutureTask.run(FutureTask.java:266) [na:1.8.0_202]
	at org.apache.tomcat.util.threads.InlineExecutorService.execute(InlineExecutorService.java:75) [tomcat-embed-core-9.0.69.jar:9.0.69]
	at java.util.concurrent.AbstractExecutorService.submit(AbstractExecutorService.java:134) [na:1.8.0_202]
	at org.apache.catalina.core.ContainerBase.stopInternal(ContainerBase.java:983) [tomcat-embed-core-9.0.69.jar:9.0.69]
	at org.apache.catalina.util.LifecycleBase.stop(LifecycleBase.java:257) [tomcat-embed-core-9.0.69.jar:9.0.69]
	at org.apache.catalina.core.ContainerBase$StopChild.call(ContainerBase.java:1409) [tomcat-embed-core-9.0.69.jar:9.0.69]
	at org.apache.catalina.core.ContainerBase$StopChild.call(ContainerBase.java:1398) [tomcat-embed-core-9.0.69.jar:9.0.69]
	at java.util.concurrent.FutureTask.run(FutureTask.java:266) [na:1.8.0_202]
	at org.apache.tomcat.util.threads.InlineExecutorService.execute(InlineExecutorService.java:75) [tomcat-embed-core-9.0.69.jar:9.0.69]
	at java.util.concurrent.AbstractExecutorService.submit(AbstractExecutorService.java:134) [na:1.8.0_202]
	at org.apache.catalina.core.ContainerBase.stopInternal(ContainerBase.java:983) [tomcat-embed-core-9.0.69.jar:9.0.69]
	at org.apache.catalina.util.LifecycleBase.stop(LifecycleBase.java:257) [tomcat-embed-core-9.0.69.jar:9.0.69]
	at org.apache.catalina.core.StandardService.stopInternal(StandardService.java:495) [tomcat-embed-core-9.0.69.jar:9.0.69]
	at org.apache.catalina.util.LifecycleBase.stop(LifecycleBase.java:257) [tomcat-embed-core-9.0.69.jar:9.0.69]
	at org.apache.catalina.core.StandardServer.stopInternal(StandardServer.java:982) [tomcat-embed-core-9.0.69.jar:9.0.69]
	at org.apache.catalina.util.LifecycleBase.stop(LifecycleBase.java:257) [tomcat-embed-core-9.0.69.jar:9.0.69]
	at org.apache.catalina.startup.Tomcat.stop(Tomcat.java:496) [tomcat-embed-core-9.0.69.jar:9.0.69]
	at org.springframework.boot.web.embedded.tomcat.TomcatWebServer.stopTomcat(TomcatWebServer.java:273) [spring-boot-2.7.6.jar:2.7.6]
	at org.springframework.boot.web.embedded.tomcat.TomcatWebServer.stop(TomcatWebServer.java:331) [spring-boot-2.7.6.jar:2.7.6]
	at org.springframework.boot.web.servlet.context.WebServerStartStopLifecycle.stop(WebServerStartStopLifecycle.java:52) [spring-boot-2.7.6.jar:2.7.6]
	at org.springframework.context.SmartLifecycle.stop(SmartLifecycle.java:117) [spring-context-5.3.24.jar:5.3.24]
	at org.springframework.context.support.DefaultLifecycleProcessor.doStop(DefaultLifecycleProcessor.java:234) [spring-context-5.3.24.jar:5.3.24]
	at org.springframework.context.support.DefaultLifecycleProcessor.access$300(DefaultLifecycleProcessor.java:54) [spring-context-5.3.24.jar:5.3.24]
	at org.springframework.context.support.DefaultLifecycleProcessor$LifecycleGroup.stop(DefaultLifecycleProcessor.java:373) [spring-context-5.3.24.jar:5.3.24]
	at org.springframework.context.support.DefaultLifecycleProcessor.stopBeans(DefaultLifecycleProcessor.java:206) [spring-context-5.3.24.jar:5.3.24]
	at org.springframework.context.support.DefaultLifecycleProcessor.onClose(DefaultLifecycleProcessor.java:129) [spring-context-5.3.24.jar:5.3.24]
	at org.springframework.context.support.AbstractApplicationContext.doClose(AbstractApplicationContext.java:1067) [spring-context-5.3.24.jar:5.3.24]
	at org.springframework.boot.web.servlet.context.ServletWebServerApplicationContext.doClose(ServletWebServerApplicationContext.java:174) [spring-boot-2.7.6.jar:2.7.6]
	at org.springframework.context.support.AbstractApplicationContext.close(AbstractApplicationContext.java:1021) [spring-context-5.3.24.jar:5.3.24]
	at org.springframework.boot.admin.SpringApplicationAdminMXBeanRegistrar$SpringApplicationAdmin.shutdown(SpringApplicationAdminMXBeanRegistrar.java:160) [spring-boot-2.7.6.jar:2.7.6]
	at sun.reflect.NativeMethodAccessorImpl.invoke0(Native Method) ~[na:1.8.0_202]
	at sun.reflect.NativeMethodAccessorImpl.invoke(NativeMethodAccessorImpl.java:62) ~[na:1.8.0_202]
	at sun.reflect.DelegatingMethodAccessorImpl.invoke(DelegatingMethodAccessorImpl.java:43) ~[na:1.8.0_202]
	at java.lang.reflect.Method.invoke(Method.java:498) ~[na:1.8.0_202]
	at sun.reflect.misc.Trampoline.invoke(MethodUtil.java:71) [na:1.8.0_202]
	at sun.reflect.NativeMethodAccessorImpl.invoke0(Native Method) ~[na:1.8.0_202]
	at sun.reflect.NativeMethodAccessorImpl.invoke(NativeMethodAccessorImpl.java:62) ~[na:1.8.0_202]
	at sun.reflect.DelegatingMethodAccessorImpl.invoke(DelegatingMethodAccessorImpl.java:43) ~[na:1.8.0_202]
	at java.lang.reflect.Method.invoke(Method.java:498) ~[na:1.8.0_202]
	at sun.reflect.misc.MethodUtil.invoke(MethodUtil.java:275) [na:1.8.0_202]
	at com.sun.jmx.mbeanserver.ConvertingMethod.invokeWithOpenReturn(ConvertingMethod.java:193) [na:1.8.0_202]
	at com.sun.jmx.mbeanserver.ConvertingMethod.invokeWithOpenReturn(ConvertingMethod.java:175) [na:1.8.0_202]
	at com.sun.jmx.mbeanserver.MXBeanIntrospector.invokeM2(MXBeanIntrospector.java:117) [na:1.8.0_202]
	at com.sun.jmx.mbeanserver.MXBeanIntrospector.invokeM2(MXBeanIntrospector.java:54) [na:1.8.0_202]
	at com.sun.jmx.mbeanserver.MBeanIntrospector.invokeM(MBeanIntrospector.java:237) [na:1.8.0_202]
	at com.sun.jmx.mbeanserver.PerInterface.invoke(PerInterface.java:138) [na:1.8.0_202]
	at com.sun.jmx.mbeanserver.MBeanSupport.invoke(MBeanSupport.java:252) [na:1.8.0_202]
	at com.sun.jmx.interceptor.DefaultMBeanServerInterceptor.invoke(DefaultMBeanServerInterceptor.java:819) [na:1.8.0_202]
	at com.sun.jmx.mbeanserver.JmxMBeanServer.invoke(JmxMBeanServer.java:801) [na:1.8.0_202]
	at javax.management.remote.rmi.RMIConnectionImpl.doOperation(RMIConnectionImpl.java:1468) [na:1.8.0_202]
	at javax.management.remote.rmi.RMIConnectionImpl.access$300(RMIConnectionImpl.java:76) [na:1.8.0_202]
	at javax.management.remote.rmi.RMIConnectionImpl$PrivilegedOperation.run(RMIConnectionImpl.java:1309) [na:1.8.0_202]
	at javax.management.remote.rmi.RMIConnectionImpl.doPrivilegedOperation(RMIConnectionImpl.java:1401) [na:1.8.0_202]
	at javax.management.remote.rmi.RMIConnectionImpl.invoke(RMIConnectionImpl.java:829) [na:1.8.0_202]
	at sun.reflect.NativeMethodAccessorImpl.invoke0(Native Method) ~[na:1.8.0_202]
	at sun.reflect.NativeMethodAccessorImpl.invoke(NativeMethodAccessorImpl.java:62) ~[na:1.8.0_202]
	at sun.reflect.DelegatingMethodAccessorImpl.invoke(DelegatingMethodAccessorImpl.java:43) ~[na:1.8.0_202]
	at java.lang.reflect.Method.invoke(Method.java:498) ~[na:1.8.0_202]
	at sun.rmi.server.UnicastServerRef.dispatch(UnicastServerRef.java:357) [na:1.8.0_202]
	at sun.rmi.transport.Transport$1.run(Transport.java:200) [na:1.8.0_202]
	at sun.rmi.transport.Transport$1.run(Transport.java:197) [na:1.8.0_202]
	at java.security.AccessController.doPrivileged(Native Method) [na:1.8.0_202]
	at sun.rmi.transport.Transport.serviceCall(Transport.java:196) [na:1.8.0_202]
	at sun.rmi.transport.tcp.TCPTransport.handleMessages(TCPTransport.java:573) [na:1.8.0_202]
	at sun.rmi.transport.tcp.TCPTransport$ConnectionHandler.run0(TCPTransport.java:834) [na:1.8.0_202]
	at sun.rmi.transport.tcp.TCPTransport$ConnectionHandler.lambda$run$0(TCPTransport.java:688) [na:1.8.0_202]
	at java.security.AccessController.doPrivileged(Native Method) [na:1.8.0_202]
	at sun.rmi.transport.tcp.TCPTransport$ConnectionHandler.run(TCPTransport.java:687) [na:1.8.0_202]
	at java.util.concurrent.ThreadPoolExecutor.runWorker(ThreadPoolExecutor.java:1149) ~[na:1.8.0_202]
	at java.util.concurrent.ThreadPoolExecutor$Worker.run(ThreadPoolExecutor.java:624) ~[na:1.8.0_202]
	at java.lang.Thread.run(Thread.java:748) ~[na:1.8.0_202]

2022-12-12 08:44:07.665  INFO 8252 --- [RMI TCP Connection(2)-127.0.0.1] j.LocalContainerEntityManagerFactoryBean : Closing JPA EntityManagerFactory for persistence unit 'default'
2022-12-12 08:44:07.671  INFO 8252 --- [RMI TCP Connection(2)-127.0.0.1] com.zaxxer.hikari.HikariDataSource       : HikariPool-1 - Shutdown initiated...
2022-12-12 08:44:07.713  INFO 8252 --- [RMI TCP Connection(2)-127.0.0.1] com.zaxxer.hikari.HikariDataSource       : HikariPool-1 - Shutdown completed.
